<?xml version="1.0" encoding="UTF-8"?>
<!-- Generated by org.testng.reporters.JUnitXMLReporter -->
<testsuite ignored="0" hostname="DESKTOP-SI2AKVI" failures="0" tests="3" name="Test" time="160.2" errors="0" timestamp="2021-03-10T19:03:54 GMT">
  <testcase classname="insuranceCalculation_Motorcycle.EndToEndTests_motorcycle" name="insuranceCalculate" time="46.529"/>
  <testcase classname="insuranceCalculation_Motorcycle.EndToEndTests_motorcycle" name="insuranceCalculate" time="45.905"/>
  <testcase classname="insuranceCalculation_Motorcycle.EndToEndTests_motorcycle" name="insuranceCalculate" time="45.795"/>
</testsuite> <!-- Test -->
